<?xml version="1.0" encoding="UTF-8"?>
<!-- Generated by org.testng.reporters.JUnitReportReporter -->
<testsuite hostname="LAPTOP-N9ASJ9O9" name="com.test.selenium.LoginTest" tests="1" failures="0" timestamp="20 Feb 2021 17:17:08 GMT" time="18.003" errors="0">
  <testcase name="TestCase1" time="18.003" classname="com.test.selenium.LoginTest"/>
</testsuite> <!-- com.test.selenium.LoginTest -->
