<?xml version="1.0" encoding="UTF-8"?>
<!-- Generated by org.testng.reporters.JUnitReportReporter -->
<testsuite hostname="LAPTOP-N9ASJ9O9" failures="0" tests="1" name="com.test.Test2" time="0.009" errors="0" timestamp="2021-02-20T20:57:18 IST" skipped="0">
  <testcase classname="com.test.Test2" name="method6" time="0.009"/>
  <system-out/>
</testsuite> <!-- com.test.Test2 -->
