<?xml version="1.0" encoding="UTF-8"?>
<!-- Generated by org.testng.reporters.JUnitReportReporter -->
<testsuite hostname="LAPTOP-N9ASJ9O9" failures="0" tests="2" name="com.test.TestCase" time="0.009" errors="0" timestamp="2021-02-20T20:47:05 IST" skipped="0">
  <testcase classname="com.test.TestCase" name="method2" time="0.002"/>
  <system-out/>
  <testcase classname="com.test.TestCase" name="method1" time="0.007"/>
  <system-out/>
</testsuite> <!-- com.test.TestCase -->
